🦊 Elysia запущена → http://localhost:3001
[download] Request - URL: https://rutube.ru/video/8e3fbfcce4118bf11cd031563477cb5e/ quality: undefined
[platform-parser] Parsing URL: https://rutube.ru/video/8e3fbfcce4118bf11cd031563477cb5e/
[platform-parser] extractVideoId for Rutube match: [ "8e3fbfcce4118bf11cd031563477cb5e" ]
[platform-parser] Matched platform: Rutube videoId: 8e3fbfcce4118bf11cd031563477cb5e
[download] Platform: Rutube Video ID: 8e3fbfcce4118bf11cd031563477cb5e
[session] Created: 39f26c6e-5ed5-463e-98ea-ab2a7ee2f1f5 dir: D:\1NeiroSlop\YouTube_Downloader\apps\downloads_files\39f26c6e-5ed5-463e-98ea-ab2a7ee2f1f5
[download] Starting yt-dlp download...
[yt-dlp] Starting download
[yt-dlp] Format selector: best
[yt-dlp] Command: yt-dlp -f best -o D:\1NeiroSlop\YouTube_Downloader\apps\downloads_files\39f26c6e-5ed5-463e-98ea-ab2a7ee2f1f5\video.%(ext)s https://rutube.ru/video/8e3fbfcce4118bf11cd031563477cb5e/
[yt-dlp] Working directory: D:\1NeiroSlop\YouTube_Downloader\apps\downloads_files\39f26c6e-5ed5-463e-98ea-ab2a7ee2f1f5
[yt-dlp] Process spawned successfully
[yt-dlp] stderr: WARNING: "-f best" selects the best pre-merged format which is often not the best option.
         To let yt-dlp download and merge the best available formats, simply do not pass any format selection.
         If you know what you are doing and want only the best pre-merged format, use "-f b" instead to suppress this warning
[yt-dlp] stdout: [rutube] Extracting URL: https://rutube.ru/video/8e3fbfcce4118bf11cd031563477cb5e/
[yt-dlp] stdout: [rutube] 8e3fbfcce4118bf11cd031563477cb5e: Downloading video JSON
[yt-dlp] stdout: [rutube] 8e3fbfcce4118bf11cd031563477cb5e: Downloading options JSON
[yt-dlp] stdout: [rutube] 8e3fbfcce4118bf11cd031563477cb5e: Downloading m3u8 information
[yt-dlp] stdout: [rutube] 8e3fbfcce4118bf11cd031563477cb5e: Downloading m3u8 information
[yt-dlp] stdout: [info] 8e3fbfcce4118bf11cd031563477cb5e: Downloading 1 format(s): m3u8-1448-1
[yt-dlp] stdout: [hlsnative] Downloading m3u8 manifest
[yt-dlp] stdout: [hlsnative] Total fragments: 33
[download] Destination: D:\1NeiroSlop\YouTube_Downloader\apps\downloads_files\39f26c6e-5ed5-463e-98ea-ab2a7ee2f1f5\video.mp4
[yt-dlp] stdout: [download]   0.0% of ~  13.93MiB at    4.84KiB/s ETA Unknown (frag 0/33)
[yt-dlp] stdout: [download]   0.0% of ~  13.96MiB at    4.84KiB/s ETA Unknown (frag 0/33)[download]   0.0% of ~  14.02MiB at    4.84KiB/s ETA Unknown (frag 0/33)[download]   0.1% of ~  14.15MiB at    4.84KiB/s ETA Unknown (frag 0/33)
[yt-dlp] stdout: [download]   0.2% of ~  14.41MiB at    4.84KiB/s ETA Unknown (frag 0/33)
[yt-dlp] stdout: [download]   0.4% of ~  14.93MiB at  154.59KiB/s ETA Unknown (frag 0/33)
[yt-dlp] stdout: [download]   0.8% of ~  15.96MiB at  154.59KiB/s ETA Unknown (frag 0/33)
[yt-dlp] stdout: [download]   1.4% of ~  18.02MiB at  485.06KiB/s ETA Unknown (frag 0/33)
[yt-dlp] stdout: [download]   1.9% of ~  22.15MiB at  485.06KiB/s ETA Unknown (frag 0/33)
[yt-dlp] stdout: [download]   1.5% of ~  27.86MiB at  485.06KiB/s ETA Unknown (frag 1/33)
[yt-dlp] stdout: [download]   2.9% of ~  14.54MiB at  777.10KiB/s ETA Unknown (frag 1/33)
[yt-dlp] stdout: [download]   2.9% of ~  14.56MiB at  777.10KiB/s ETA Unknown (frag 1/33)
[yt-dlp] stdout: [download]   2.9% of ~  14.59MiB at  777.10KiB/s ETA Unknown (frag 1/33)
[yt-dlp] stdout: [download]   3.0% of ~  14.66MiB at  777.10KiB/s ETA Unknown (frag 1/33)
[yt-dlp] stdout: [download]   3.1% of ~  14.78MiB at  777.10KiB/s ETA Unknown (frag 1/33)
[yt-dlp] stdout: [download]   3.2% of ~  15.04MiB at  777.10KiB/s ETA Unknown (frag 1/33)
[yt-dlp] stdout: [download]   3.5% of ~  15.56MiB at  777.10KiB/s ETA Unknown (frag 1/33)
[yt-dlp] stdout: [download]   4.0% of ~  16.59MiB at  777.10KiB/s ETA Unknown (frag 1/33)
[yt-dlp] stdout: [download]   4.7% of ~  18.65MiB at  777.10KiB/s ETA Unknown (frag 1/33)
[yt-dlp] stdout: [download]   4.0% of ~  22.12MiB at  777.10KiB/s ETA Unknown (frag 2/33)
[yt-dlp] stdout: [download]   6.2% of ~  14.34MiB at    1.21MiB/s ETA Unknown (frag 2/33)
[yt-dlp] stdout: [download]   6.2% of ~  14.35MiB at    1.21MiB/s ETA Unknown (frag 2/33)[download]   6.2% of ~  14.37MiB at    1.21MiB/s ETA Unknown (frag 2/33)[download]   6.2% of ~  14.41MiB at    1.21MiB/s ETA Unknown (frag 2/33)
[yt-dlp] stdout: [download]   6.3% of ~  14.50MiB at    1.21MiB/s ETA Unknown (frag 2/33)
[yt-dlp] stdout: [download]   6.4% of ~  14.67MiB at    1.21MiB/s ETA Unknown (frag 2/33)
[yt-dlp] stdout: [download]   6.7% of ~  15.01MiB at    1.21MiB/s ETA Unknown (frag 2/33)
[yt-dlp] stdout: [download]   7.2% of ~  15.70MiB at    1.21MiB/s ETA Unknown (frag 2/33)
[yt-dlp] stdout: [download]   7.6% of ~  17.08MiB at    1.21MiB/s ETA Unknown (frag 2/33)
[yt-dlp] stdout: [download]   6.9% of ~  18.98MiB at    1.21MiB/s ETA Unknown (frag 3/33)
[yt-dlp] stdout: [download]  10.2% of ~  12.82MiB at    1.68MiB/s ETA Unknown (frag 3/33)
[yt-dlp] stdout: [download]  10.2% of ~  12.82MiB at    1.68MiB/s ETA Unknown (frag 3/33)[download]  10.2% of ~  12.84MiB at    1.68MiB/s ETA Unknown (frag 3/33)[download]  10.2% of ~  12.87MiB at    1.68MiB/s ETA Unknown (frag 3/33)
[yt-dlp] stdout: [download]  10.3% of ~  12.94MiB at    1.68MiB/s ETA Unknown (frag 3/33)
[yt-dlp] stdout: [download]  10.4% of ~  13.07MiB at    1.68MiB/s ETA Unknown (frag 3/33)
[yt-dlp] stdout: [download]  10.7% of ~  13.32MiB at    1.68MiB/s ETA Unknown (frag 3/33)
[yt-dlp] stdout: [download]  11.2% of ~  13.84MiB at    1.68MiB/s ETA Unknown (frag 3/33)
[yt-dlp] stdout: [download]  10.4% of ~  14.87MiB at    1.68MiB/s ETA Unknown (frag 3/33)
[yt-dlp] stdout: [download]  10.4% of ~  14.88MiB at    1.68MiB/s ETA Unknown (frag 4/33)
[yt-dlp] stdout: [download]  12.8% of ~  12.19MiB at    2.06MiB/s ETA Unknown (frag 4/33)
[yt-dlp] stdout: [download]  12.8% of ~  12.19MiB at    2.06MiB/s ETA Unknown (frag 4/33)
[yt-dlp] stdout: [download]  12.8% of ~  12.21MiB at    2.06MiB/s ETA Unknown (frag 4/33)
[yt-dlp] stdout: [download]  12.8% of ~  12.23MiB at    2.06MiB/s ETA Unknown (frag 4/33)
[yt-dlp] stdout: [download]  12.9% of ~  12.28MiB at    2.06MiB/s ETA Unknown (frag 4/33)
[yt-dlp] stdout: [download]  13.0% of ~  12.39MiB at    2.06MiB/s ETA Unknown (frag 4/33)
[yt-dlp] stdout: [download]  13.3% of ~  12.59MiB at    2.06MiB/s ETA Unknown (frag 4/33)
[yt-dlp] stdout: [download]  13.9% of ~  13.00MiB at    2.06MiB/s ETA Unknown (frag 4/33)
[yt-dlp] stdout: [download]  13.4% of ~  13.83MiB at    2.06MiB/s ETA Unknown (frag 4/33)
[yt-dlp] stdout: [download]  13.1% of ~  14.12MiB at    2.06MiB/s ETA Unknown (frag 5/33)
[yt-dlp] stdout: [download]  15.2% of ~  12.18MiB at    2.35MiB/s ETA Unknown (frag 5/33)
[yt-dlp] stdout: [download]  15.2% of ~  12.18MiB at    2.35MiB/s ETA Unknown (frag 5/33)
[yt-dlp] stdout: [download]  15.2% of ~  12.19MiB at    2.35MiB/s ETA Unknown (frag 5/33)
[yt-dlp] stdout: [download]  15.2% of ~  12.21MiB at    2.35MiB/s ETA Unknown (frag 5/33)
[yt-dlp] stdout: [download]  15.3% of ~  12.26MiB at    2.35MiB/s ETA Unknown (frag 5/33)
[yt-dlp] stdout: [download]  15.5% of ~  12.34MiB at    2.35MiB/s ETA Unknown (frag 5/33)
[yt-dlp] stdout: [download]  15.7% of ~  12.51MiB at    2.35MiB/s ETA Unknown (frag 5/33)
[yt-dlp] stdout: [download]  16.3% of ~  12.86MiB at    2.35MiB/s ETA Unknown (frag 5/33)
[yt-dlp] stdout: [download]  16.3% of ~  13.55MiB at    2.35MiB/s ETA Unknown (frag 5/33)
[yt-dlp] stdout: [download]  15.6% of ~  14.20MiB at    2.35MiB/s ETA Unknown (frag 6/33)
[yt-dlp] stdout: [download]  18.1% of ~  12.22MiB at    2.61MiB/s ETA Unknown (frag 6/33)
[yt-dlp] stdout: [download]  18.1% of ~  12.23MiB at    2.61MiB/s ETA Unknown (frag 6/33)
[yt-dlp] stdout: [download]  18.1% of ~  12.24MiB at    2.61MiB/s ETA Unknown (frag 6/33)
[yt-dlp] stdout: [download]  18.2% of ~  12.26MiB at    2.61MiB/s ETA Unknown (frag 6/33)
[yt-dlp] stdout: [download]  18.3% of ~  12.29MiB at    2.61MiB/s ETA Unknown (frag 6/33)
[yt-dlp] stdout: [download]  18.4% of ~  12.37MiB at    2.61MiB/s ETA Unknown (frag 6/33)
[yt-dlp] stdout: [download]  18.7% of ~  12.51MiB at    2.61MiB/s ETA Unknown (frag 6/33)
[yt-dlp] stdout: [download]  19.2% of ~  12.81MiB at    2.61MiB/s ETA Unknown (frag 6/33)
[yt-dlp] stdout: [download]  19.4% of ~  13.40MiB at    2.61MiB/s ETA Unknown (frag 6/33)
[yt-dlp] stdout: [download]  18.5% of ~  14.01MiB at    2.61MiB/s ETA Unknown (frag 7/33)
[yt-dlp] stdout: [download]  14.5% of ~  17.84MiB at    2.85MiB/s ETA Unknown (frag 7/33)
[yt-dlp] stdout: [download]  14.5% of ~  17.85MiB at    2.85MiB/s ETA Unknown (frag 7/33)[download]  14.6% of ~  17.86MiB at    2.85MiB/s ETA Unknown (frag 7/33)[download]  14.6% of ~  17.87MiB at    2.85MiB/s ETA Unknown (frag 7/33)
[yt-dlp] stdout: [download]  14.7% of ~  17.90MiB at    2.85MiB/s ETA Unknown (frag 7/33)
[yt-dlp] stdout: [download]  14.8% of ~  17.97MiB at    2.85MiB/s ETA Unknown (frag 7/33)
[yt-dlp] stdout: [download]  15.0% of ~  18.10MiB at    2.85MiB/s ETA Unknown (frag 7/33)
[yt-dlp] stdout: [download]  15.5% of ~  18.36MiB at    2.85MiB/s ETA Unknown (frag 7/33)
[yt-dlp] stdout: [download]  16.4% of ~  18.87MiB at    3.11MiB/s ETA Unknown (frag 7/33)
[yt-dlp] stdout: [download]  18.0% of ~  19.90MiB at    3.31MiB/s ETA Unknown (frag 7/33)
[yt-dlp] stdout: [download]  19.7% of ~  21.97MiB at    3.31MiB/s ETA Unknown (frag 7/33)
[yt-dlp] stdout: [download]  17.3% of ~  24.99MiB at    3.31MiB/s ETA Unknown (frag 8/33)
[yt-dlp] stdout: [download]  18.0% of ~  24.03MiB at    3.58MiB/s ETA 00:04 (frag 8/33)
[yt-dlp] stdout: [download]  18.0% of ~  24.03MiB at    3.58MiB/s ETA 00:04 (frag 8/33)
[yt-dlp] stdout: [download]  18.0% of ~  24.04MiB at    3.58MiB/s ETA 00:04 (frag 8/33)
[yt-dlp] stdout: [download]  18.0% of ~  24.05MiB at    3.58MiB/s ETA 00:04 (frag 8/33)
[yt-dlp] stdout: [download]  18.1% of ~  24.08MiB at    3.58MiB/s ETA 00:04 (frag 8/33)
[yt-dlp] stdout: [download]  18.2% of ~  24.14MiB at    3.58MiB/s ETA 00:04 (frag 8/33)
[yt-dlp] stdout: [download]  18.3% of ~  24.25MiB at    3.58MiB/s ETA 00:04 (frag 8/33)
[yt-dlp] stdout: [download]  18.7% of ~  24.48MiB at    3.58MiB/s ETA 00:04 (frag 8/33)
[yt-dlp] stdout: [download]  19.3% of ~  24.94MiB at    3.58MiB/s ETA 00:04 (frag 8/33)
[yt-dlp] stdout: [download]  20.6% of ~  25.86MiB at    3.83MiB/s ETA 00:04 (frag 8/33)
[yt-dlp] stdout: [download]  22.8% of ~  27.69MiB at    3.83MiB/s ETA 00:04 (frag 8/33)
[yt-dlp] stdout: [download]  20.9% of ~  31.36MiB at    3.83MiB/s ETA 00:04 (frag 8/33)
[yt-dlp] stdout: [download]  20.4% of ~  32.19MiB at    3.83MiB/s ETA 00:04 (frag 9/33)
[yt-dlp] stdout: [download]  27.3% of ~  23.96MiB at    4.20MiB/s ETA 00:04 (frag 9/33)
[yt-dlp] stdout: [download]  27.4% of ~  23.97MiB at    4.20MiB/s ETA 00:04 (frag 9/33)
[yt-dlp] stdout: [download]  27.4% of ~  23.97MiB at    4.20MiB/s ETA 00:04 (frag 9/33)
[yt-dlp] stdout: [download]  27.4% of ~  23.98MiB at    4.20MiB/s ETA 00:04 (frag 9/33)
[yt-dlp] stdout: [download]  27.4% of ~  24.01MiB at    4.20MiB/s ETA 00:04 (frag 9/33)
[yt-dlp] stdout: [download]  27.5% of ~  24.06MiB at    4.20MiB/s ETA 00:04 (frag 9/33)
[yt-dlp] stdout: [download]  27.6% of ~  24.17MiB at    4.41MiB/s ETA 00:04 (frag 9/33)
[yt-dlp] stdout: [download]  27.9% of ~  24.37MiB at    4.41MiB/s ETA 00:04 (frag 9/33)
[yt-dlp] stdout: [download]  28.5% of ~  24.78MiB at    4.41MiB/s ETA 00:04 (frag 9/33)
[yt-dlp] stdout: [download]  28.4% of ~  25.61MiB at    4.41MiB/s ETA 00:04 (frag 9/33)
[yt-dlp] stdout: [download]  27.6% of ~  26.30MiB at    4.41MiB/s ETA 00:04 (frag 10/33)
[yt-dlp] stdout: [download]  31.8% of ~  22.86MiB at    4.62MiB/s ETA 00:04 (frag 10/33)
[yt-dlp] stdout: [download]  31.8% of ~  22.86MiB at    4.62MiB/s ETA 00:04 (frag 10/33)
[yt-dlp] stdout: [download]  31.8% of ~  22.87MiB at    4.62MiB/s ETA 00:04 (frag 10/33)
[yt-dlp] stdout: [download]  31.8% of ~  22.88MiB at    4.62MiB/s ETA 00:04 (frag 10/33)
[yt-dlp] stdout: [download]  31.8% of ~  22.90MiB at    4.62MiB/s ETA 00:04 (frag 10/33)
[yt-dlp] stdout: [download]  31.9% of ~  22.95MiB at    4.62MiB/s ETA 00:04 (frag 10/33)
[yt-dlp] stdout: [download]  32.0% of ~  23.05MiB at    4.62MiB/s ETA 00:04 (frag 10/33)
[yt-dlp] stdout: [download]  32.3% of ~  23.23MiB at    4.62MiB/s ETA 00:04 (frag 10/33)
[yt-dlp] stdout: [download]  32.3% of ~  23.61MiB at    4.62MiB/s ETA 00:04 (frag 10/33)
[yt-dlp] stdout: [download]  31.8% of ~  23.94MiB at    4.62MiB/s ETA 00:04 (frag 11/33)
[yt-dlp] stdout: [download]  34.9% of ~  21.82MiB at    4.76MiB/s ETA 00:04 (frag 11/33)
[yt-dlp] stdout: [download]  34.9% of ~  21.83MiB at    4.76MiB/s ETA 00:04 (frag 11/33)
[yt-dlp] stdout: [download]  34.9% of ~  21.83MiB at    4.76MiB/s ETA 00:04 (frag 11/33)[download]  35.0% of ~  21.84MiB at    4.76MiB/s ETA 00:04 (frag 11/33)
[yt-dlp] stdout: [download]  35.0% of ~  21.86MiB at    4.76MiB/s ETA 00:04 (frag 11/33)
[yt-dlp] stdout: [download]  35.1% of ~  21.91MiB at    4.76MiB/s ETA 00:04 (frag 11/33)
[yt-dlp] stdout: [download]  35.2% of ~  21.99MiB at    4.76MiB/s ETA 00:04 (frag 11/33)
[yt-dlp] stdout: [download]  35.5% of ~  22.17MiB at    4.76MiB/s ETA 00:04 (frag 11/33)
[yt-dlp] stdout: [download]  35.3% of ~  22.51MiB at    4.76MiB/s ETA 00:04 (frag 11/33)
[yt-dlp] stdout: [download]  35.0% of ~  22.69MiB at    4.76MiB/s ETA 00:04 (frag 12/33)
[yt-dlp] stdout: [download]  37.4% of ~  21.22MiB at    4.86MiB/s ETA 00:04 (frag 12/33)
[yt-dlp] stdout: [download]  37.4% of ~  21.22MiB at    4.86MiB/s ETA 00:04 (frag 12/33)
[yt-dlp] stdout: [download]  37.4% of ~  21.22MiB at    4.86MiB/s ETA 00:04 (frag 12/33)
[yt-dlp] stdout: [download]  37.4% of ~  21.23MiB at    4.86MiB/s ETA 00:04 (frag 12/33)
[yt-dlp] stdout: [download]  37.5% of ~  21.25MiB at    4.86MiB/s ETA 00:04 (frag 12/33)
[yt-dlp] stdout: [download]  37.6% of ~  21.29MiB at    4.86MiB/s ETA 00:04 (frag 12/33)
[yt-dlp] stdout: [download]  37.7% of ~  21.37MiB at    4.86MiB/s ETA 00:04 (frag 12/33)
[yt-dlp] stdout: [download]  38.0% of ~  21.53MiB at    4.86MiB/s ETA 00:04 (frag 12/33)
[yt-dlp] stdout: [download]  38.3% of ~  21.85MiB at    4.86MiB/s ETA 00:04 (frag 12/33)
[yt-dlp] stdout: [download]  37.5% of ~  22.29MiB at    4.86MiB/s ETA 00:04 (frag 13/33)
[yt-dlp] stdout: [download]  40.9% of ~  20.46MiB at    4.91MiB/s ETA 00:03 (frag 13/33)
[yt-dlp] stdout: [download]  40.9% of ~  20.46MiB at    4.91MiB/s ETA 00:03 (frag 13/33)
[yt-dlp] stdout: [download]  40.9% of ~  20.47MiB at    4.91MiB/s ETA 00:03 (frag 13/33)
[yt-dlp] stdout: [download]  40.9% of ~  20.48MiB at    4.91MiB/s ETA 00:03 (frag 13/33)
[yt-dlp] stdout: [download]  40.9% of ~  20.49MiB at    4.91MiB/s ETA 00:03 (frag 13/33)
[yt-dlp] stdout: [download]  41.0% of ~  20.53MiB at    4.91MiB/s ETA 00:03 (frag 13/33)
[yt-dlp] stdout: [download]  41.2% of ~  20.60MiB at    4.91MiB/s ETA 00:03 (frag 13/33)
[yt-dlp] stdout: [download]  41.5% of ~  20.75MiB at    4.91MiB/s ETA 00:03 (frag 13/33)
[yt-dlp] stdout: [download]  41.2% of ~  21.05MiB at    4.91MiB/s ETA 00:03 (frag 13/33)
[yt-dlp] stdout: [download]  40.9% of ~  21.22MiB at    4.91MiB/s ETA 00:03 (frag 14/33)
[yt-dlp] stdout: [download]  43.3% of ~  20.04MiB at    4.95MiB/s ETA 00:03 (frag 14/33)
[yt-dlp] stdout: [download]  43.3% of ~  20.04MiB at    4.95MiB/s ETA 00:03 (frag 14/33)
[yt-dlp] stdout: [download]  43.3% of ~  20.04MiB at    4.95MiB/s ETA 00:03 (frag 14/33)
[yt-dlp] stdout: [download]  43.4% of ~  20.05MiB at    4.95MiB/s ETA 00:03 (frag 14/33)
[yt-dlp] stdout: [download]  43.4% of ~  20.07MiB at    4.95MiB/s ETA 00:03 (frag 14/33)
[yt-dlp] stdout: [download]  43.5% of ~  20.10MiB at    4.95MiB/s ETA 00:03 (frag 14/33)
[yt-dlp] stdout: [download]  43.6% of ~  20.17MiB at    4.95MiB/s ETA 00:03 (frag 14/33)
[yt-dlp] stdout: [download]  44.0% of ~  20.31MiB at    4.95MiB/s ETA 00:03 (frag 14/33)
[yt-dlp] stdout: [download]  44.2% of ~  20.58MiB at    4.95MiB/s ETA 00:03 (frag 14/33)
[yt-dlp] stdout: [download]  43.4% of ~  20.98MiB at    4.95MiB/s ETA 00:03 (frag 15/33)
[yt-dlp] stdout: [download]  46.5% of ~  19.58MiB at    4.98MiB/s ETA 00:03 (frag 15/33)
[yt-dlp] stdout: [download]  46.5% of ~  19.58MiB at    4.98MiB/s ETA 00:03 (frag 15/33)
[yt-dlp] stdout: [download]  46.5% of ~  19.58MiB at    4.98MiB/s ETA 00:03 (frag 15/33)
[yt-dlp] stdout: [download]  46.6% of ~  19.59MiB at    4.98MiB/s ETA 00:03 (frag 15/33)
[yt-dlp] stdout: [download]  46.6% of ~  19.61MiB at    4.98MiB/s ETA 00:03 (frag 15/33)
[yt-dlp] stdout: [download]  46.7% of ~  19.64MiB at    4.98MiB/s ETA 00:03 (frag 15/33)
[yt-dlp] stdout: [download]  46.8% of ~  19.70MiB at    4.98MiB/s ETA 00:03 (frag 15/33)
[yt-dlp] stdout: [download]  47.2% of ~  19.83MiB at    4.98MiB/s ETA 00:03 (frag 15/33)
[yt-dlp] stdout: [download]  47.2% of ~  20.09MiB at    4.98MiB/s ETA 00:03 (frag 15/33)
[yt-dlp] stdout: [download]  46.6% of ~  20.37MiB at    4.98MiB/s ETA 00:03 (frag 16/33)
[yt-dlp] stdout: [download]  49.8% of ~  19.07MiB at    4.98MiB/s ETA 00:03 (frag 16/33)
[yt-dlp] stdout: [download]  49.8% of ~  19.07MiB at    4.98MiB/s ETA 00:03 (frag 16/33)
[yt-dlp] stdout: [download]  49.8% of ~  19.08MiB at    4.98MiB/s ETA 00:03 (frag 16/33)
[yt-dlp] stdout: [download]  49.8% of ~  19.09MiB at    4.98MiB/s ETA 00:03 (frag 16/33)
[yt-dlp] stdout: [download]  49.9% of ~  19.10MiB at    4.98MiB/s ETA 00:03 (frag 16/33)
[yt-dlp] stdout: [download]  49.9% of ~  19.13MiB at    4.98MiB/s ETA 00:03 (frag 16/33)
[yt-dlp] stdout: [download]  50.1% of ~  19.19MiB at    4.98MiB/s ETA 00:03 (frag 16/33)
[yt-dlp] stdout: [download]  50.4% of ~  19.31MiB at    4.98MiB/s ETA 00:03 (frag 16/33)
[yt-dlp] stdout: [download]  50.2% of ~  19.56MiB at    4.98MiB/s ETA 00:03 (frag 16/33)
[yt-dlp] stdout: [download]  49.8% of ~  19.72MiB at    4.98MiB/s ETA 00:03 (frag 17/33)
[yt-dlp] stdout: [download]  52.7% of ~  18.66MiB at    4.97MiB/s ETA 00:03 (frag 17/33)
[yt-dlp] stdout: [download]  52.7% of ~  18.66MiB at    4.97MiB/s ETA 00:03 (frag 17/33)
[yt-dlp] stdout: [download]  52.7% of ~  18.67MiB at    4.97MiB/s ETA 00:03 (frag 17/33)
[yt-dlp] stdout: [download]  52.7% of ~  18.67MiB at    4.97MiB/s ETA 00:03 (frag 17/33)
[yt-dlp] stdout: [download]  52.7% of ~  18.69MiB at    4.97MiB/s ETA 00:03 (frag 17/33)
[yt-dlp] stdout: [download]  52.8% of ~  18.72MiB at    4.97MiB/s ETA 00:03 (frag 17/33)
[yt-dlp] stdout: [download]  53.0% of ~  18.77MiB at    4.97MiB/s ETA 00:03 (frag 17/33)
[yt-dlp] stdout: [download]  53.3% of ~  18.89MiB at    4.97MiB/s ETA 00:03 (frag 17/33)
[yt-dlp] stdout: [download]  53.2% of ~  19.12MiB at    4.97MiB/s ETA 00:03 (frag 17/33)
[yt-dlp] stdout: [download]  52.7% of ~  19.31MiB at    4.97MiB/s ETA 00:03 (frag 18/33)
[yt-dlp] stdout: [download]  55.2% of ~  18.44MiB at    4.96MiB/s ETA 00:03 (frag 18/33)
[yt-dlp] stdout: [download]  55.2% of ~  18.44MiB at    4.96MiB/s ETA 00:03 (frag 18/33)
[yt-dlp] stdout: [download]  55.2% of ~  18.44MiB at    4.96MiB/s ETA 00:03 (frag 18/33)
[yt-dlp] stdout: [download]  55.3% of ~  18.45MiB at    4.96MiB/s ETA 00:03 (frag 18/33)
[yt-dlp] stdout: [download]  55.3% of ~  18.46MiB at    4.96MiB/s ETA 00:03 (frag 18/33)
[yt-dlp] stdout: [download]  55.4% of ~  18.49MiB at    4.96MiB/s ETA 00:03 (frag 18/33)
[yt-dlp] stdout: [download]  55.6% of ~  18.54MiB at    4.96MiB/s ETA 00:03 (frag 18/33)
[yt-dlp] stdout: [download]  55.9% of ~  18.65MiB at    4.96MiB/s ETA 00:03 (frag 18/33)
[yt-dlp] stdout: [download]  56.3% of ~  18.87MiB at    4.96MiB/s ETA 00:03 (frag 18/33)
[yt-dlp] stdout: [download]  55.3% of ~  19.19MiB at    4.96MiB/s ETA 00:03 (frag 19/33)
[yt-dlp] stdout: [download]  58.2% of ~  18.23MiB at    4.96MiB/s ETA 00:02 (frag 19/33)
[yt-dlp] stdout: [download]  58.2% of ~  18.24MiB at    4.96MiB/s ETA 00:02 (frag 19/33)
[yt-dlp] stdout: [download]  58.2% of ~  18.24MiB at    4.96MiB/s ETA 00:02 (frag 19/33)
[yt-dlp] stdout: [download]  58.3% of ~  18.25MiB at    4.96MiB/s ETA 00:02 (frag 19/33)
[yt-dlp] stdout: [download]  58.3% of ~  18.26MiB at    4.96MiB/s ETA 00:02 (frag 19/33)
[yt-dlp] stdout: [download]  58.4% of ~  18.28MiB at    4.96MiB/s ETA 00:02 (frag 19/33)
[yt-dlp] stdout: [download]  58.6% of ~  18.34MiB at    4.96MiB/s ETA 00:02 (frag 19/33)
[yt-dlp] stdout: [download]  58.9% of ~  18.44MiB at    4.96MiB/s ETA 00:02 (frag 19/33)
[yt-dlp] stdout: [download]  59.3% of ~  18.65MiB at    4.96MiB/s ETA 00:02 (frag 19/33)
[yt-dlp] stdout: [download]  58.3% of ~  18.95MiB at    4.96MiB/s ETA 00:02 (frag 20/33)
[yt-dlp] stdout: [download]  54.4% of ~  20.33MiB at    4.96MiB/s ETA 00:02 (frag 20/33)
[yt-dlp] stdout: [download]  54.4% of ~  20.33MiB at    4.96MiB/s ETA 00:02 (frag 20/33)
[yt-dlp] stdout: [download]  54.4% of ~  20.33MiB at    4.96MiB/s ETA 00:02 (frag 20/33)
[yt-dlp] stdout: [download]  54.4% of ~  20.34MiB at    4.96MiB/s ETA 00:02 (frag 20/33)
[yt-dlp] stdout: [download]  54.5% of ~  20.35MiB at    4.96MiB/s ETA 00:02 (frag 20/33)
[yt-dlp] stdout: [download]  54.5% of ~  20.38MiB at    4.96MiB/s ETA 00:02 (frag 20/33)
[yt-dlp] stdout: [download]  54.7% of ~  20.43MiB at    4.96MiB/s ETA 00:02 (frag 20/33)
[yt-dlp] stdout: [download]  55.1% of ~  20.52MiB at    4.96MiB/s ETA 00:02 (frag 20/33)
[yt-dlp] stdout: [download]  55.7% of ~  20.72MiB at    4.96MiB/s ETA 00:02 (frag 20/33)
[yt-dlp] stdout: [download]  57.1% of ~  21.11MiB at    4.99MiB/s ETA 00:02 (frag 20/33)
[yt-dlp] stdout: [download]  59.1% of ~  21.90MiB at    4.99MiB/s ETA 00:02 (frag 20/33)
[yt-dlp] stdout: [download]  55.5% of ~  23.29MiB at    4.99MiB/s ETA 00:02 (frag 21/33)
[yt-dlp] stdout: [download]  58.8% of ~  22.01MiB at    5.08MiB/s ETA 00:02 (frag 21/33)
[yt-dlp] stdout: [download]  58.8% of ~  22.01MiB at    5.08MiB/s ETA 00:02 (frag 21/33)
[yt-dlp] stdout: [download]  58.8% of ~  22.02MiB at    5.08MiB/s ETA 00:02 (frag 21/33)
[yt-dlp] stdout: [download]  58.8% of ~  22.02MiB at    5.08MiB/s ETA 00:02 (frag 21/33)
[yt-dlp] stdout: [download]  58.8% of ~  22.03MiB at    5.08MiB/s ETA 00:02 (frag 21/33)
[yt-dlp] stdout: [download]  58.9% of ~  22.06MiB at    5.08MiB/s ETA 00:02 (frag 21/33)
[yt-dlp] stdout: [download]  59.1% of ~  22.11MiB at    5.08MiB/s ETA 00:02 (frag 21/33)
[yt-dlp] stdout: [download]  59.4% of ~  22.20MiB at    5.08MiB/s ETA 00:02 (frag 21/33)
[yt-dlp] stdout: [download]  60.0% of ~  22.39MiB at    5.08MiB/s ETA 00:02 (frag 21/33)
[yt-dlp] stdout: [download]  61.2% of ~  22.76MiB at    5.18MiB/s ETA 00:02 (frag 21/33)
[yt-dlp] stdout: [download]  62.4% of ~  23.51MiB at    5.18MiB/s ETA 00:02 (frag 21/33)
[yt-dlp] stdout: [download]  59.6% of ~  24.62MiB at    5.18MiB/s ETA 00:02 (frag 22/33)
[yt-dlp] stdout: [download]  67.6% of ~  21.71MiB at    5.28MiB/s ETA 00:02 (frag 22/33)
[yt-dlp] stdout: [download]  67.6% of ~  21.72MiB at    5.28MiB/s ETA 00:02 (frag 22/33)[download]  67.6% of ~  21.72MiB at    5.28MiB/s ETA 00:02 (frag 22/33)[download]  67.6% of ~  21.72MiB at    5.28MiB/s ETA 00:02 (frag 22/33)
[yt-dlp] stdout: [download]  67.7% of ~  21.74MiB at    5.28MiB/s ETA 00:02 (frag 22/33)
[yt-dlp] stdout: [download]  67.7% of ~  21.76MiB at    5.28MiB/s ETA 00:02 (frag 22/33)
[yt-dlp] stdout: [download]  67.9% of ~  21.80MiB at    5.28MiB/s ETA 00:02 (frag 22/33)
[yt-dlp] stdout: [download]  68.2% of ~  21.89MiB at    5.28MiB/s ETA 00:02 (frag 22/33)
[yt-dlp] stdout: [download]  68.6% of ~  22.07MiB at    5.28MiB/s ETA 00:02 (frag 22/33)
[yt-dlp] stdout: [download]  67.6% of ~  22.37MiB at    5.28MiB/s ETA 00:02 (frag 23/33)
[yt-dlp] stdout: [download]  71.2% of ~  21.26MiB at    5.35MiB/s ETA 00:02 (frag 23/33)
[yt-dlp] stdout: [download]  71.2% of ~  21.27MiB at    5.35MiB/s ETA 00:02 (frag 23/33)
[yt-dlp] stdout: [download]  71.2% of ~  21.27MiB at    5.35MiB/s ETA 00:02 (frag 23/33)
[yt-dlp] stdout: [download]  71.2% of ~  21.27MiB at    5.35MiB/s ETA 00:02 (frag 23/33)
[yt-dlp] stdout: [download]  71.2% of ~  21.28MiB at    5.35MiB/s ETA 00:02 (frag 23/33)
[yt-dlp] stdout: [download]  71.3% of ~  21.31MiB at    5.35MiB/s ETA 00:02 (frag 23/33)
[yt-dlp] stdout: [download]  71.5% of ~  21.35MiB at    5.35MiB/s ETA 00:02 (frag 23/33)
[yt-dlp] stdout: [download]  71.8% of ~  21.43MiB at    5.35MiB/s ETA 00:02 (frag 23/33)
[yt-dlp] stdout: [download]  71.6% of ~  21.61MiB at    5.35MiB/s ETA 00:02 (frag 23/33)
[yt-dlp] stdout: [download]  71.2% of ~  21.72MiB at    5.35MiB/s ETA 00:02 (frag 24/33)
[yt-dlp] stdout: [download]  73.9% of ~  20.92MiB at    5.38MiB/s ETA 00:02 (frag 24/33)
[yt-dlp] stdout: [download]  73.9% of ~  20.92MiB at    5.38MiB/s ETA 00:02 (frag 24/33)
[yt-dlp] stdout: [download]  73.9% of ~  20.93MiB at    5.38MiB/s ETA 00:02 (frag 24/33)
[yt-dlp] stdout: [download]  74.0% of ~  20.93MiB at    5.38MiB/s ETA 00:02 (frag 24/33)
[yt-dlp] stdout: [download]  74.0% of ~  20.94MiB at    5.38MiB/s ETA 00:02 (frag 24/33)
[yt-dlp] stdout: [download]  74.1% of ~  20.96MiB at    5.38MiB/s ETA 00:02 (frag 24/33)
[yt-dlp] stdout: [download]  74.2% of ~  21.00MiB at    5.38MiB/s ETA 00:02 (frag 24/33)
[yt-dlp] stdout: [download]  74.5% of ~  21.09MiB at    5.38MiB/s ETA 00:02 (frag 24/33)
[yt-dlp] stdout: [download]  74.6% of ~  21.25MiB at    5.38MiB/s ETA 00:02 (frag 24/33)
[yt-dlp] stdout: [download]  74.0% of ~  21.43MiB at    5.38MiB/s ETA 00:02 (frag 25/33)
[yt-dlp] stdout: [download]  77.0% of ~  20.57MiB at    5.41MiB/s ETA 00:02 (frag 25/33)
[yt-dlp] stdout: [download]  77.1% of ~  20.57MiB at    5.41MiB/s ETA 00:02 (frag 25/33)
[yt-dlp] stdout: [download]  77.1% of ~  20.58MiB at    5.41MiB/s ETA 00:02 (frag 25/33)
[yt-dlp] stdout: [download]  77.1% of ~  20.58MiB at    5.41MiB/s ETA 00:02 (frag 25/33)
[yt-dlp] stdout: [download]  77.1% of ~  20.59MiB at    5.41MiB/s ETA 00:02 (frag 25/33)
[yt-dlp] stdout: [download]  77.2% of ~  20.61MiB at    5.41MiB/s ETA 00:02 (frag 25/33)
[yt-dlp] stdout: [download]  77.4% of ~  20.65MiB at    5.41MiB/s ETA 00:02 (frag 25/33)
[yt-dlp] stdout: [download]  77.7% of ~  20.73MiB at    5.41MiB/s ETA 00:02 (frag 25/33)
[yt-dlp] stdout: [download]  77.6% of ~  20.89MiB at    5.41MiB/s ETA 00:02 (frag 25/33)
[yt-dlp] stdout: [download]  77.1% of ~  21.03MiB at    5.41MiB/s ETA 00:02 (frag 26/33)
[yt-dlp] stdout: [download]  80.4% of ~  20.16MiB at    5.41MiB/s ETA 00:01 (frag 26/33)
[yt-dlp] stdout: [download]  80.4% of ~  20.16MiB at    5.41MiB/s ETA 00:01 (frag 26/33)
[yt-dlp] stdout: [download]  80.4% of ~  20.17MiB at    5.41MiB/s ETA 00:01 (frag 26/33)
[yt-dlp] stdout: [download]  80.4% of ~  20.17MiB at    5.41MiB/s ETA 00:01 (frag 26/33)
[yt-dlp] stdout: [download]  80.5% of ~  20.18MiB at    5.41MiB/s ETA 00:01 (frag 26/33)
[yt-dlp] stdout: [download]  80.6% of ~  20.20MiB at    5.41MiB/s ETA 00:01 (frag 26/33)
[yt-dlp] stdout: [download]  80.7% of ~  20.24MiB at    5.41MiB/s ETA 00:01 (frag 26/33)
[yt-dlp] stdout: [download]  81.0% of ~  20.31MiB at    5.41MiB/s ETA 00:01 (frag 26/33)
[yt-dlp] stdout: [download]  80.6% of ~  20.47MiB at    5.41MiB/s ETA 00:01 (frag 26/33)
[yt-dlp] stdout: [download]  80.4% of ~  20.51MiB at    5.41MiB/s ETA 00:01 (frag 27/33)
[yt-dlp] stdout: [download]  83.3% of ~  19.79MiB at    5.44MiB/s ETA 00:01 (frag 27/33)
[yt-dlp] stdout: [download]  83.3% of ~  19.79MiB at    5.44MiB/s ETA 00:01 (frag 27/33)
[yt-dlp] stdout: [download]  83.4% of ~  19.80MiB at    5.44MiB/s ETA 00:01 (frag 27/33)
[yt-dlp] stdout: [download]  83.4% of ~  19.80MiB at    5.44MiB/s ETA 00:01 (frag 27/33)
[yt-dlp] stdout: [download]  83.4% of ~  19.81MiB at    5.44MiB/s ETA 00:01 (frag 27/33)
[yt-dlp] stdout: [download]  83.5% of ~  19.83MiB at    5.44MiB/s ETA 00:01 (frag 27/33)
[yt-dlp] stdout: [download]  83.7% of ~  19.87MiB at    5.44MiB/s ETA 00:01 (frag 27/33)
[yt-dlp] stdout: [download]  84.0% of ~  19.94MiB at    5.44MiB/s ETA 00:01 (frag 27/33)
[yt-dlp] stdout: [download]  83.6% of ~  20.09MiB at    5.44MiB/s ETA 00:01 (frag 27/33)
[yt-dlp] stdout: [download]  83.4% of ~  20.15MiB at    5.44MiB/s ETA 00:01 (frag 28/33)
[yt-dlp] stdout: [download]  86.4% of ~  19.45MiB at    5.50MiB/s ETA 00:01 (frag 28/33)
[yt-dlp] stdout: [download]  86.4% of ~  19.45MiB at    5.50MiB/s ETA 00:01 (frag 28/33)
[yt-dlp] stdout: [download]  86.4% of ~  19.45MiB at    5.50MiB/s ETA 00:01 (frag 28/33)[download]  86.4% of ~  19.46MiB at    5.50MiB/s ETA 00:01 (frag 28/33)[download]  86.4% of ~  19.46MiB at    5.50MiB/s ETA 00:01 (frag 28/33)
[yt-dlp] stdout: [download]  86.5% of ~  19.48MiB at    5.50MiB/s ETA 00:01 (frag 28/33)
[yt-dlp] stdout: [download]  86.7% of ~  19.52MiB at    5.50MiB/s ETA 00:01 (frag 28/33)
[yt-dlp] stdout: [download]  87.0% of ~  19.59MiB at    5.50MiB/s ETA 00:01 (frag 28/33)
[yt-dlp] stdout: [download]  86.6% of ~  19.73MiB at    5.50MiB/s ETA 00:01 (frag 28/33)
[yt-dlp] stdout: [download]  86.4% of ~  19.78MiB at    5.50MiB/s ETA 00:01 (frag 29/33)
[yt-dlp] stdout: [download]  84.2% of ~  20.30MiB at    5.56MiB/s ETA 00:01 (frag 29/33)
[yt-dlp] stdout: [download]  84.2% of ~  20.30MiB at    5.56MiB/s ETA 00:01 (frag 29/33)
[yt-dlp] stdout: [download]  84.2% of ~  20.30MiB at    5.56MiB/s ETA 00:01 (frag 29/33)
[yt-dlp] stdout: [download]  84.2% of ~  20.30MiB at    5.56MiB/s ETA 00:01 (frag 29/33)
[yt-dlp] stdout: [download]  84.3% of ~  20.31MiB at    5.56MiB/s ETA 00:01 (frag 29/33)
[yt-dlp] stdout: [download]  84.4% of ~  20.33MiB at    5.56MiB/s ETA 00:01 (frag 29/33)
[yt-dlp] stdout: [download]  84.5% of ~  20.36MiB at    5.56MiB/s ETA 00:01 (frag 29/33)
[yt-dlp] stdout: [download]  84.9% of ~  20.43MiB at    5.56MiB/s ETA 00:01 (frag 29/33)
[yt-dlp] stdout: [download]  85.5% of ~  20.57MiB at    5.56MiB/s ETA 00:01 (frag 29/33)
[yt-dlp] stdout: [download]  86.8% of ~  20.84MiB at    5.64MiB/s ETA 00:01 (frag 29/33)
[yt-dlp] stdout: [download]  86.2% of ~  21.39MiB at    5.68MiB/s ETA 00:01 (frag 29/33)
[yt-dlp] stdout: [download]  84.7% of ~  21.79MiB at    5.68MiB/s ETA 00:01 (frag 30/33)
[yt-dlp] stdout: [download]  83.9% of ~  22.00MiB at    5.68MiB/s ETA 00:01 (frag 30/33)
[yt-dlp] stdout: [download]  83.9% of ~  22.00MiB at    5.68MiB/s ETA 00:01 (frag 30/33)
[yt-dlp] stdout: [download]  83.9% of ~  22.00MiB at    5.68MiB/s ETA 00:01 (frag 30/33)
[yt-dlp] stdout: [download]  83.9% of ~  22.00MiB at    5.68MiB/s ETA 00:01 (frag 30/33)
[yt-dlp] stdout: [download]  84.0% of ~  22.01MiB at    5.68MiB/s ETA 00:01 (frag 30/33)
[yt-dlp] stdout: [download]  84.0% of ~  22.03MiB at    5.69MiB/s ETA 00:01 (frag 30/33)
[yt-dlp] stdout: [download]  84.2% of ~  22.06MiB at    5.69MiB/s ETA 00:01 (frag 30/33)
[yt-dlp] stdout: [download]  84.5% of ~  22.13MiB at    5.69MiB/s ETA 00:01 (frag 30/33)
[yt-dlp] stdout: [download]  85.1% of ~  22.26MiB at    5.71MiB/s ETA 00:01 (frag 30/33)
[yt-dlp] stdout: [download]  86.3% of ~  22.53MiB at    5.72MiB/s ETA 00:01 (frag 30/33)
[yt-dlp] stdout: [download]  88.7% of ~  23.06MiB at    5.75MiB/s ETA 00:01 (frag 30/33)
[yt-dlp] stdout: [download]  85.7% of ~  24.12MiB at    5.75MiB/s ETA 00:01 (frag 30/33)
[yt-dlp] stdout: [download]  84.9% of ~  24.35MiB at    5.75MiB/s ETA 00:01 (frag 31/33)
[yt-dlp] stdout: [download]  90.0% of ~  22.96MiB at    5.74MiB/s ETA 00:00 (frag 31/33)
[yt-dlp] stdout: [download]  90.0% of ~  22.96MiB at    5.74MiB/s ETA 00:00 (frag 31/33)
[yt-dlp] stdout: [download]  90.0% of ~  22.96MiB at    5.74MiB/s ETA 00:00 (frag 31/33)
[yt-dlp] stdout: [download]  90.0% of ~  22.96MiB at    5.74MiB/s ETA 00:00 (frag 31/33)
[yt-dlp] stdout: [download]  90.1% of ~  22.97MiB at    5.74MiB/s ETA 00:00 (frag 31/33)
[yt-dlp] stdout: [download]  90.2% of ~  22.99MiB at    5.74MiB/s ETA 00:00 (frag 31/33)
[yt-dlp] stdout: [download]  90.3% of ~  23.02MiB at    5.74MiB/s ETA 00:00 (frag 31/33)
[yt-dlp] stdout: [download]  90.6% of ~  23.08MiB at    5.74MiB/s ETA 00:00 (frag 31/33)
[yt-dlp] stdout: [download]  91.2% of ~  23.21MiB at    5.71MiB/s ETA 00:00 (frag 31/33)
[yt-dlp] stdout: [download]  92.3% of ~  23.47MiB at    5.69MiB/s ETA 00:00 (frag 31/33)
[yt-dlp] stdout: [download]  92.8% of ~  23.99MiB at    5.70MiB/s ETA 00:00 (frag 31/33)
[yt-dlp] stdout: [download]  90.5% of ~  24.60MiB at    5.70MiB/s ETA 00:00 (frag 32/33)
[yt-dlp] stdout: [download]  99.2% of ~  22.44MiB at    5.70MiB/s ETA 00:00 (frag 32/33)
[yt-dlp] stdout: [download]  99.2% of ~  22.44MiB at    5.70MiB/s ETA 00:00 (frag 32/33)
[yt-dlp] stdout: [download]  99.2% of ~  22.44MiB at    5.70MiB/s ETA 00:00 (frag 32/33)
[yt-dlp] stdout: [download]  99.3% of ~  22.44MiB at    5.59MiB/s ETA 00:00 (frag 32/33)
[yt-dlp] stdout: [download]  99.3% of ~  22.45MiB at    5.59MiB/s ETA 00:00 (frag 32/33)
[yt-dlp] stdout: [download]  99.4% of ~  22.47MiB at    5.59MiB/s ETA 00:00 (frag 32/33)
[yt-dlp] stdout: [download]  99.5% of ~  22.50MiB at    5.59MiB/s ETA 00:00 (frag 32/33)
[yt-dlp] stdout: [download]  99.5% of ~  22.56MiB at    5.59MiB/s ETA 00:00 (frag 32/33)
[yt-dlp] stdout: [download]  99.2% of ~  22.61MiB at    5.59MiB/s ETA 00:00 (frag 33/33)
[yt-dlp] stdout: [download] 100% of   22.44MiB in 00:00:04 at 5.28MiB/s
[yt-dlp] stdout: [FixupM3u8] Fixing MPEG-TS in MP4 container of "D:\1NeiroSlop\YouTube_Downloader\apps\downloads_files\39f26c6e-5ed5-463e-98ea-ab2a7ee2f1f5\video.mp4"
[yt-dlp] Process exited with code: 0 signal: null
[yt-dlp] Process exited with code: 0
[yt-dlp] File ready: D:\1NeiroSlop\YouTube_Downloader\apps\downloads_files\39f26c6e-5ed5-463e-98ea-ab2a7ee2f1f5\video.mp4 size: 22614801
[download] yt-dlp completed, file: D:\1NeiroSlop\YouTube_Downloader\apps\downloads_files\39f26c6e-5ed5-463e-98ea-ab2a7ee2f1f5\video.mp4
[download] Running ffprobe validation...
[ffmpeg] File exists, size: 22614801
[ffmpeg] Running ffprobe on: D:\1NeiroSlop\YouTube_Downloader\apps\downloads_files\39f26c6e-5ed5-463e-98ea-ab2a7ee2f1f5\video.mp4
[ffmpeg] Raw streams: [
  {
    codec_type: "video",
    codec_name: "h264",
    width: 1920,
    height: 888,
    bit_rate: "1315308",
  }, {
    codec_type: "audio",
    codec_name: "aac",
    width: undefined,
    height: undefined,
    bit_rate: "128453",
  }
]
[ffmpeg] ffprobe result: {
  hasVideo: true,
  hasAudio: true,
  duration: 124.946456,
  fileSize: 22614801,
  videoStream: {
    codec: "h264",
    width: 1920,
    height: 888,
    duration: 124.789456,
    bitrate: "1315308",
  },
  audioStream: {
    codec: "aac",
    duration: 124.82424,
    bitrate: "128453",
  },
}
[download] ffprobe result: {
  hasVideo: true,
  hasAudio: true,
  hasVideoStream: true,
  hasAudioStream: true,
  duration: 124.946456,
  fileSize: 22614801,
}
[download] Applying faststart...
[ffmpeg] Applying faststart to: D:\1NeiroSlop\YouTube_Downloader\apps\downloads_files\39f26c6e-5ed5-463e-98ea-ab2a7ee2f1f5\video.mp4
[ffmpeg] Faststart applied successfully
[download] Success - final file: D:\1NeiroSlop\YouTube_Downloader\apps\downloads_files\39f26c6e-5ed5-463e-98ea-ab2a7ee2f1f5\video.mp4
[session] Finished: 39f26c6e-5ed5-463e-98ea-ab2a7ee2f1f5 path: D:\1NeiroSlop\YouTube_Downloader\apps\downloads_files\39f26c6e-5ed5-463e-98ea-ab2a7ee2f1f5\video.mp4
